2021-10-01 15:50:36:5036 [32minfo[39m: [32m=================================[39m
2021-10-01 15:50:36:5036 [32minfo[39m: [32m======= ENV: development =======[39m
2021-10-01 15:50:36:5036 [32minfo[39m: [32m🚀 App listening on port 8080[39m
2021-10-01 15:50:36:5036 [32minfo[39m: [32m=================================[39m
2021-10-01 19:36:29:3629 [32minfo[39m: [32m=================================[39m
2021-10-01 19:36:29:3629 [32minfo[39m: [32m======= ENV: development =======[39m
2021-10-01 19:36:29:3629 [32minfo[39m: [32m🚀 App listening on port 8080[39m
2021-10-01 19:36:29:3629 [32minfo[39m: [32m=================================[39m
2021-10-02 11:56:11:5611 [32minfo[39m: [32m=================================[39m
2021-10-02 11:56:11:5611 [32minfo[39m: [32m======= ENV: development =======[39m
2021-10-02 11:56:11:5611 [32minfo[39m: [32m🚀 App listening on port 8080[39m
2021-10-02 11:56:11:5611 [32minfo[39m: [32m=================================[39m
2021-10-02 11:57:31:5731 [35mhttp[39m: [35mGET / 200 2 - 3.495 ms[39m
[35m[39m
2021-10-02 11:57:39:5739 [31merror[39m: [31m[GET] /ergaer >> StatusCode:: 404, Message:: Invalid request[39m
2021-10-02 11:57:39:5739 [35mhttp[39m: [35mGET /ergaer 404 29 - 1.224 ms[39m
[35m[39m
2021-10-02 12:37:48:3748 [32minfo[39m: [32m=================================[39m
2021-10-02 12:37:48:3748 [32minfo[39m: [32m======= ENV: development =======[39m
2021-10-02 12:37:48:3748 [32minfo[39m: [32m🚀 App listening on port 8080[39m
2021-10-02 12:37:48:3748 [32minfo[39m: [32m=================================[39m
2021-10-02 13:00:47:047 [32minfo[39m: [32m=================================[39m
2021-10-02 13:00:47:047 [32minfo[39m: [32m======= ENV: development =======[39m
2021-10-02 13:00:47:047 [32minfo[39m: [32m🚀 App listening on port 8080[39m
2021-10-02 13:00:47:047 [32minfo[39m: [32m=================================[39m
2021-10-02 13:00:47:047 [32minfo[39m: [32m=================================[39m
2021-10-02 13:00:47:047 [32minfo[39m: [32m======= ENV: development =======[39m
2021-10-02 13:00:47:047 [32minfo[39m: [32m🚀 App listening on port 8080[39m
2021-10-02 13:00:47:047 [32minfo[39m: [32m=================================[39m
2021-10-02 13:30:12:3012 [32minfo[39m: [32m=================================[39m
2021-10-02 13:30:12:3012 [32minfo[39m: [32m======= ENV: development =======[39m
2021-10-02 13:30:12:3012 [32minfo[39m: [32m🚀 App listening on port 8080[39m
2021-10-02 13:30:12:3012 [32minfo[39m: [32m=================================[39m
2021-10-02 13:30:16:3016 [32minfo[39m: [32m=================================[39m
2021-10-02 13:30:16:3016 [32minfo[39m: [32m======= ENV: development =======[39m
2021-10-02 13:30:16:3016 [32minfo[39m: [32m🚀 App listening on port 8080[39m
2021-10-02 13:30:16:3016 [32minfo[39m: [32m=================================[39m
2021-10-03 15:46:26:4626 [32minfo[39m: [32m=================================[39m
2021-10-03 15:46:26:4626 [32minfo[39m: [32m======= ENV: development =======[39m
2021-10-03 15:46:26:4626 [32minfo[39m: [32m🚀 App listening on port 8080[39m
2021-10-03 15:46:26:4626 [32minfo[39m: [32m=================================[39m
2021-10-03 15:46:56:4656 [32minfo[39m: [32m=================================[39m
2021-10-03 15:46:56:4656 [32minfo[39m: [32m======= ENV: development =======[39m
2021-10-03 15:46:56:4656 [32minfo[39m: [32m🚀 App listening on port 8080[39m
2021-10-03 15:46:56:4656 [32minfo[39m: [32m=================================[39m
2021-10-03 15:47:25:4725 [32minfo[39m: [32m=================================[39m
2021-10-03 15:47:25:4725 [32minfo[39m: [32m======= ENV: development =======[39m
2021-10-03 15:47:25:4725 [32minfo[39m: [32m🚀 App listening on port 8080[39m
2021-10-03 15:47:25:4725 [32minfo[39m: [32m=================================[39m
2021-10-03 15:50:16:5016 [32minfo[39m: [32m=================================[39m
2021-10-03 15:50:16:5016 [32minfo[39m: [32m======= ENV: development =======[39m
2021-10-03 15:50:16:5016 [32minfo[39m: [32m🚀 App listening on port 8080[39m
2021-10-03 15:50:16:5016 [32minfo[39m: [32m=================================[39m
2021-10-03 16:00:39:039 [32minfo[39m: [32m=================================[39m
2021-10-03 16:00:39:039 [32minfo[39m: [32m======= ENV: development =======[39m
2021-10-03 16:00:39:039 [32minfo[39m: [32m🚀 App listening on port 8080[39m
2021-10-03 16:00:39:039 [32minfo[39m: [32m=================================[39m
2021-10-03 16:01:53:153 [32minfo[39m: [32m=================================[39m
2021-10-03 16:01:53:153 [32minfo[39m: [32m======= ENV: development =======[39m
2021-10-03 16:01:53:153 [32minfo[39m: [32m🚀 App listening on port 8080[39m
2021-10-03 16:01:53:153 [32minfo[39m: [32m=================================[39m
2021-10-03 16:02:36:236 [32minfo[39m: [32m=================================[39m
2021-10-03 16:02:36:236 [32minfo[39m: [32m======= ENV: development =======[39m
2021-10-03 16:02:36:236 [32minfo[39m: [32m🚀 App listening on port 8080[39m
2021-10-03 16:02:36:236 [32minfo[39m: [32m=================================[39m
2021-10-03 16:03:10:310 [32minfo[39m: [32m=================================[39m
2021-10-03 16:03:10:310 [32minfo[39m: [32m======= ENV: development =======[39m
2021-10-03 16:03:10:310 [32minfo[39m: [32m🚀 App listening on port 8070[39m
2021-10-03 16:03:10:310 [32minfo[39m: [32m=================================[39m
2021-10-03 16:03:36:336 [32minfo[39m: [32m=================================[39m
2021-10-03 16:03:36:336 [32minfo[39m: [32m======= ENV: development =======[39m
2021-10-03 16:03:36:336 [32minfo[39m: [32m🚀 App listening on port 8070[39m
2021-10-03 16:03:36:336 [32minfo[39m: [32m=================================[39m
2021-10-03 16:04:00:40 [32minfo[39m: [32m=================================[39m
2021-10-03 16:04:00:40 [32minfo[39m: [32m======= ENV: development =======[39m
2021-10-03 16:04:00:40 [32minfo[39m: [32m🚀 App listening on port 8070[39m
2021-10-03 16:04:00:40 [32minfo[39m: [32m=================================[39m
2021-10-03 16:04:54:454 [32minfo[39m: [32m=================================[39m
2021-10-03 16:04:54:454 [32minfo[39m: [32m======= ENV: development =======[39m
2021-10-03 16:04:54:454 [32minfo[39m: [32m🚀 App listening on port 8070[39m
2021-10-03 16:04:54:454 [32minfo[39m: [32m=================================[39m
2021-10-03 16:06:34:634 [32minfo[39m: [32m=================================[39m
2021-10-03 16:06:34:634 [32minfo[39m: [32m======= ENV: development =======[39m
2021-10-03 16:06:34:634 [32minfo[39m: [32m🚀 App listening on port 8070[39m
2021-10-03 16:06:34:634 [32minfo[39m: [32m=================================[39m
2021-10-03 16:08:57:857 [32minfo[39m: [32m=================================[39m
2021-10-03 16:08:57:857 [32minfo[39m: [32m======= ENV: development =======[39m
2021-10-03 16:08:57:857 [32minfo[39m: [32m🚀 App listening on port 8070[39m
2021-10-03 16:08:57:857 [32minfo[39m: [32m=================================[39m
2021-10-03 16:09:19:919 [32minfo[39m: [32m=================================[39m
2021-10-03 16:09:19:919 [32minfo[39m: [32m======= ENV: development =======[39m
2021-10-03 16:09:19:919 [32minfo[39m: [32m🚀 App listening on port 8070[39m
2021-10-03 16:09:19:919 [32minfo[39m: [32m=================================[39m
2021-10-03 16:09:32:932 [32minfo[39m: [32m=================================[39m
2021-10-03 16:09:32:932 [32minfo[39m: [32m======= ENV: development =======[39m
2021-10-03 16:09:32:932 [32minfo[39m: [32m🚀 App listening on port 8070[39m
2021-10-03 16:09:32:932 [32minfo[39m: [32m=================================[39m
2021-10-03 16:09:42:942 [35mhttp[39m: [35mGET / 200 2 - 2.123 ms[39m
[35m[39m
